num 0
ident x
num 1
num 0
num 0
num 0
ident x
num 1
ident x
ident x0
ident xx
ident x1
num 1
num a
num 1
ident x
num b
num 0
num 0
num 0
num 0
ident x
num 0
num 1
num 0
num 0
num 0
ident x
num 1
num 0
ident x
num 0
num 0
ident xx
num 1
num 1
num a
num 1
ident x
num b
ident x
ident x
num 0
ident x
ident x
ident x
num 1
ident x0
ident x00
ident x0x
ident x01
ident xx
ident xx0
ident xxx
ident xx1
ident x1
ident x10
ident x1x
ident x11
num 1
num 1
num 0
num 1
ident x
num 1
num 1
num a
num 64
num a
ident x
num 65
num 1
ident x
num 1
ident x0
num 1
ident xx
num 1
ident x1
num b
num 6e
num b
ident x
num 6f
num 0
num 0
num 0
num 0
ident x
num 0
num 1
num 0
num 0
num 0
num 0
num 0
num 0
ident x
num 0
num 1
num 0
ident x
num 0
ident x0
num 0
ident xx
num 0
ident x1
num 0
num 1
num 0
num a
num 0
num 1
ident x
num 0
num b
num 0
num 0
num 0
num 0
ident x
num 0
num 1
num 0
num 0
num 0
ident x
num 1
num 0
ident x
num 0
ident x0
num 0
ident xx
num 0
ident x1
num 1
num a
num 1
ident x
num b
num 0
ident x
num 0
ident x
num 0
num 0
ident x
ident x
num 0
ident x
num 1
num 0
num 0
num 0
ident x
num 1
num 0
ident xx
num 0
ident xx0
num 0
ident xxx
num 0
ident xx1
num 1
num 10
num 1
ident x
num 11
num 1
num 1
num 0
num 1
ident x
num 1
num 1
num a
num 64
num a
ident x
num 65
num 1
ident x
num 1
ident x0
num 1
ident xx
num 1
ident x1
num b
num 6e
num b
ident x
num 6f
ident x
ident x
num 0
ident x
ident x
ident x
num 1
ident x
num 0
ident x
num 0
ident x
num 0
ident x
ident x
num 1
ident x
ident x
ident x
ident x0
ident x
ident xx
ident x
ident x1
ident x
num 1
ident x
num a
ident x
num 1
ident x
ident x
num b
ident x0
ident x0
num 0
ident x0
ident x
ident x0
num 1
ident x00
ident x000
ident x00x
ident x001
ident x0x
ident x0x0
ident x0xx
ident x0x1
ident x01
ident x010
ident x01x
ident x011
ident xx
ident xx
num 0
ident xx
ident x
ident xx
num 1
ident xx0
ident xx00
ident xx0x
ident xx01
ident xxx
ident xxx0
ident xxxx
ident xxx1
ident xx1
ident xx10
ident xx1x
ident xx11
ident x1
ident x1
num 0
ident x1
ident x
ident x1
num 1
ident x10
ident x100
ident x10x
ident x101
ident x1x
ident x1x0
ident x1xx
ident x1x1
ident x11
ident x110
ident x11x
ident x111
num 1
num 1
num 0
num 1
ident x
num 1
num 1
num 1
num 0
num 1
num 0
num 1
num 0
ident x
num 1
num 1
num 1
ident x
num 1
ident x0
num 1
ident xx
num 1
ident x1
num 1
num 1
num 1
num a
num 1
num 1
ident x
num 1
num b
num a
num a
num 0
num a
ident x
num a
num 1
num 64
num 3e8
num 64
ident x
num 3e9
num a
ident x
num a
ident x0
num a
ident xx
num a
ident x1
num 65
num 3f2
num 65
ident x
num 3f3
num 1
ident x
num 1
ident x
num 0
num 1
ident x
ident x
num 1
ident x
num 1
num 1
ident x0
num 1
ident x00
num 1
ident x0x
num 1
ident x01
num 1
ident xx
num 1
ident xx0
num 1
ident xxx
num 1
ident xx1
num 1
ident x1
num 1
ident x10
num 1
ident x1x
num 1
ident x11
num b
num b
num 0
num b
ident x
num b
num 1
num 6e
num 44c
num 6e
ident x
num 44d
num b
ident x
num b
ident x0
num b
ident xx
num b
ident x1
num 6f
num 456
num 6f
ident x
num 457
