ident i
ident f
num 1
ident i
ident ii
if
ident i1
ident f
ident fi
ident ff
ident f1
num 1
num 1
ident i
num 1
ident f
num b
ident i
ident i
ident i
ident i
ident f
ident i
num 1
ident ii
ident iii
ident iif
ident ii1
if
ident ifi
ident iff
ident if1
ident i1
ident i1i
ident i1f
ident i11
ident f
ident f
ident i
ident f
ident f
ident f
num 1
ident fi
ident fii
ident fif
ident fi1
ident ff
ident ffi
ident fff
ident ff1
ident f1
ident f1i
ident f1f
ident f11
num 1
num 1
ident i
num 1
ident f
num 1
num 1
num 1
ident i
num 1
ident ii
num 1
if
num 1
ident i1
num 1
ident f
num 1
ident fi
num 1
ident ff
num 1
ident f1
num b
num b
ident i
num b
ident f
num 6f
ident i
ident i
ident i
ident i
ident f
ident i
num 1
ident i
ident i
ident i
ident ii
ident i
if
ident i
ident i1
ident i
ident f
ident i
ident fi
ident i
ident ff
ident i
ident f1
ident i
num 1
ident i
num 1
ident i
ident i
num 1
ident f
ident i
num b
ident ii
ident ii
ident i
ident ii
ident f
ident ii
num 1
ident iii
ident iiii
ident iiif
ident iii1
ident iif
ident iifi
ident iiff
ident iif1
ident ii1
ident ii1i
ident ii1f
ident ii11
if
if
ident i
if
ident f
if
num 1
ident ifi
ident ifii
ident ifif
ident ifi1
ident iff
ident iffi
ident ifff
ident iff1
ident if1
ident if1i
ident if1f
ident if11
ident i1
ident i1
ident i
ident i1
ident f
ident i1
num 1
ident i1i
ident i1ii
ident i1if
ident i1i1
ident i1f
ident i1fi
ident i1ff
ident i1f1
ident i11
ident i11i
ident i11f
ident i111
ident f
ident f
ident i
ident f
ident f
ident f
num 1
ident f
ident i
ident f
ident ii
ident f
if
ident f
ident i1
ident f
ident f
ident f
ident fi
ident f
ident ff
ident f
ident f1
ident f
num 1
ident f
num 1
ident i
ident f
num 1
ident f
ident f
num b
ident fi
ident fi
ident i
ident fi
ident f
ident fi
num 1
ident fii
ident fiii
ident fiif
ident fii1
ident fif
ident fifi
ident fiff
ident fif1
ident fi1
ident fi1i
ident fi1f
ident fi11
ident ff
ident ff
ident i
ident ff
ident f
ident ff
num 1
ident ffi
ident ffii
ident ffif
ident ffi1
ident fff
ident fffi
ident ffff
ident fff1
ident ff1
ident ff1i
ident ff1f
ident ff11
ident f1
ident f1
ident i
ident f1
ident f
ident f1
num 1
ident f1i
ident f1ii
ident f1if
ident f1i1
ident f1f
ident f1fi
ident f1ff
ident f1f1
ident f11
ident f11i
ident f11f
ident f111
num 1
num 1
ident i
num 1
ident f
num 1
num 1
num 1
ident i
num 1
ident ii
num 1
if
num 1
ident i1
num 1
ident f
num 1
ident fi
num 1
ident ff
num 1
ident f1
num 1
num 1
num 1
num 1
ident i
num 1
num 1
ident f
num 1
num b
num 1
ident i
num 1
ident i
ident i
num 1
ident i
ident f
num 1
ident i
num 1
num 1
ident ii
num 1
ident iii
num 1
ident iif
num 1
ident ii1
num 1
if
num 1
ident ifi
num 1
ident iff
num 1
ident if1
num 1
ident i1
num 1
ident i1i
num 1
ident i1f
num 1
ident i11
num 1
ident f
num 1
ident f
ident i
num 1
ident f
ident f
num 1
ident f
num 1
num 1
ident fi
num 1
ident fii
num 1
ident fif
num 1
ident fi1
num 1
ident ff
num 1
ident ffi
num 1
ident fff
num 1
ident ff1
num 1
ident f1
num 1
ident f1i
num 1
ident f1f
num 1
ident f11
num b
num b
ident i
num b
ident f
num b
num 1
num b
ident i
num b
ident ii
num b
if
num b
ident i1
num b
ident f
num b
ident fi
num b
ident ff
num b
ident f1
num 6f
num 6f
ident i
num 6f
ident f
num 457
ident i
ident i
ident i
ident i
ident f
ident i
num 1
ident i
ident i
ident i
ident ii
ident i
if
ident i
ident i1
ident i
ident f
ident i
ident fi
ident i
ident ff
ident i
ident f1
ident i
num 1
ident i
num 1
ident i
ident i
num 1
ident f
ident i
num b
ident i
ident i
ident i
ident i
ident i
ident i
ident i
ident f
ident i
ident i
num 1
ident i
ident ii
ident i
ident iii
ident i
ident iif
ident i
ident ii1
ident i
if
ident i
ident ifi
ident i
ident iff
ident i
ident if1
ident i
ident i1
ident i
ident i1i
ident i
ident i1f
ident i
ident i11
ident i
ident f
ident i
ident f
ident i
ident i
ident f
ident f
ident i
ident f
num 1
ident i
ident fi
ident i
ident fii
ident i
ident fif
ident i
ident fi1
ident i
ident ff
ident i
ident ffi
ident i
ident fff
ident i
ident ff1
ident i
ident f1
ident i
ident f1i
ident i
ident f1f
ident i
ident f11
ident i
num 1
ident i
num 1
ident i
ident i
num 1
ident f
ident i
num 1
num 1
ident i
num 1
ident i
ident i
num 1
ident ii
ident i
num 1
if
ident i
num 1
ident i1
ident i
num 1
ident f
ident i
num 1
ident fi
ident i
num 1
ident ff
ident i
num 1
ident f1
ident i
num b
ident i
num b
ident i
ident i
num b
ident f
ident i
num 6f
ident ii
ident ii
ident i
ident ii
ident f
ident ii
num 1
ident ii
ident i
ident ii
ident ii
ident ii
if
ident ii
ident i1
ident ii
ident f
ident ii
ident fi
ident ii
ident ff
ident ii
ident f1
ident ii
num 1
ident ii
num 1
ident i
ident ii
num 1
ident f
ident ii
num b
ident iii
ident iii
ident i
ident iii
ident f
ident iii
num 1
ident iiii
ident iiiii
ident iiiif
ident iiii1
ident iiif
ident iiifi
ident iiiff
ident iiif1
ident iii1
ident iii1i
ident iii1f
ident iii11
ident iif
ident iif
ident i
ident iif
ident f
ident iif
num 1
ident iifi
ident iifii
ident iifif
ident iifi1
ident iiff
ident iiffi
ident iifff
ident iiff1
ident iif1
ident iif1i
ident iif1f
ident iif11
ident ii1
ident ii1
ident i
ident ii1
ident f
ident ii1
num 1
ident ii1i
ident ii1ii
ident ii1if
ident ii1i1
ident ii1f
ident ii1fi
ident ii1ff
ident ii1f1
ident ii11
ident ii11i
ident ii11f
ident ii111
if
if
ident i
if
ident f
if
num 1
if
ident i
if
ident ii
if
if
if
ident i1
if
ident f
if
ident fi
if
ident ff
if
ident f1
if
num 1
if
num 1
ident i
if
num 1
ident f
if
num b
ident ifi
ident ifi
ident i
ident ifi
ident f
ident ifi
num 1
ident ifii
ident ifiii
ident ifiif
ident ifii1
ident ifif
ident ififi
ident ififf
ident ifif1
ident ifi1
ident ifi1i
ident ifi1f
ident ifi11
ident iff
ident iff
ident i
ident iff
ident f
ident iff
num 1
ident iffi
ident iffii
ident iffif
ident iffi1
ident ifff
ident ifffi
ident iffff
ident ifff1
ident iff1
ident iff1i
ident iff1f
ident iff11
ident if1
ident if1
ident i
ident if1
ident f
ident if1
num 1
ident if1i
ident if1ii
ident if1if
ident if1i1
ident if1f
ident if1fi
ident if1ff
ident if1f1
ident if11
ident if11i
ident if11f
ident if111
ident i1
ident i1
ident i
ident i1
ident f
ident i1
num 1
ident i1
ident i
ident i1
ident ii
ident i1
if
ident i1
ident i1
ident i1
ident f
ident i1
ident fi
ident i1
ident ff
ident i1
ident f1
ident i1
num 1
ident i1
num 1
ident i
ident i1
num 1
ident f
ident i1
num b
ident i1i
ident i1i
ident i
ident i1i
ident f
ident i1i
num 1
ident i1ii
ident i1iii
ident i1iif
ident i1ii1
ident i1if
ident i1ifi
ident i1iff
ident i1if1
ident i1i1
ident i1i1i
ident i1i1f
ident i1i11
ident i1f
ident i1f
ident i
ident i1f
ident f
ident i1f
num 1
ident i1fi
ident i1fii
ident i1fif
ident i1fi1
ident i1ff
ident i1ffi
ident i1fff
ident i1ff1
ident i1f1
ident i1f1i
ident i1f1f
ident i1f11
ident i11
ident i11
ident i
ident i11
ident f
ident i11
num 1
ident i11i
ident i11ii
ident i11if
ident i11i1
ident i11f
ident i11fi
ident i11ff
ident i11f1
ident i111
ident i111i
ident i111f
ident i1111
ident f
ident f
ident i
ident f
ident f
ident f
num 1
ident f
ident i
ident f
ident ii
ident f
if
ident f
ident i1
ident f
ident f
ident f
ident fi
ident f
ident ff
ident f
ident f1
ident f
num 1
ident f
num 1
ident i
ident f
num 1
ident f
ident f
num b
ident f
ident i
ident f
ident i
ident i
ident f
ident i
ident f
ident f
ident i
num 1
ident f
ident ii
ident f
ident iii
ident f
ident iif
ident f
ident ii1
ident f
if
ident f
ident ifi
ident f
ident iff
ident f
ident if1
ident f
ident i1
ident f
ident i1i
ident f
ident i1f
ident f
ident i11
ident f
ident f
ident f
ident f
ident i
ident f
ident f
ident f
ident f
ident f
num 1
ident f
ident fi
ident f
ident fii
ident f
ident fif
ident f
ident fi1
ident f
ident ff
ident f
ident ffi
ident f
ident fff
ident f
ident ff1
ident f
ident f1
ident f
ident f1i
ident f
ident f1f
ident f
ident f11
ident f
num 1
ident f
num 1
ident i
ident f
num 1
ident f
ident f
num 1
num 1
ident f
num 1
ident i
ident f
num 1
ident ii
ident f
num 1
if
ident f
num 1
ident i1
ident f
num 1
ident f
ident f
num 1
ident fi
ident f
num 1
ident ff
ident f
num 1
ident f1
ident f
num b
ident f
num b
ident i
ident f
num b
ident f
ident f
num 6f
ident fi
ident fi
ident i
ident fi
ident f
ident fi
num 1
ident fi
ident i
ident fi
ident ii
ident fi
if
ident fi
ident i1
ident fi
ident f
ident fi
ident fi
ident fi
ident ff
ident fi
ident f1
ident fi
num 1
ident fi
num 1
ident i
ident fi
num 1
ident f
ident fi
num b
ident fii
ident fii
ident i
ident fii
ident f
ident fii
num 1
ident fiii
ident fiiii
ident fiiif
ident fiii1
ident fiif
ident fiifi
ident fiiff
ident fiif1
ident fii1
ident fii1i
ident fii1f
ident fii11
ident fif
ident fif
ident i
ident fif
ident f
ident fif
num 1
ident fifi
ident fifii
ident fifif
ident fifi1
ident fiff
ident fiffi
ident fifff
ident fiff1
ident fif1
ident fif1i
ident fif1f
ident fif11
ident fi1
ident fi1
ident i
ident fi1
ident f
ident fi1
num 1
ident fi1i
ident fi1ii
ident fi1if
ident fi1i1
ident fi1f
ident fi1fi
ident fi1ff
ident fi1f1
ident fi11
ident fi11i
ident fi11f
ident fi111
ident ff
ident ff
ident i
ident ff
ident f
ident ff
num 1
ident ff
ident i
ident ff
ident ii
ident ff
if
ident ff
ident i1
ident ff
ident f
ident ff
ident fi
ident ff
ident ff
ident ff
ident f1
ident ff
num 1
ident ff
num 1
ident i
ident ff
num 1
ident f
ident ff
num b
ident ffi
ident ffi
ident i
ident ffi
ident f
ident ffi
num 1
ident ffii
ident ffiii
ident ffiif
ident ffii1
ident ffif
ident ffifi
ident ffiff
ident ffif1
ident ffi1
ident ffi1i
ident ffi1f
ident ffi11
ident fff
ident fff
ident i
ident fff
ident f
ident fff
num 1
ident fffi
ident fffii
ident fffif
ident fffi1
ident ffff
ident ffffi
ident fffff
ident ffff1
ident fff1
ident fff1i
ident fff1f
ident fff11
ident ff1
ident ff1
ident i
ident ff1
ident f
ident ff1
num 1
ident ff1i
ident ff1ii
ident ff1if
ident ff1i1
ident ff1f
ident ff1fi
ident ff1ff
ident ff1f1
ident ff11
ident ff11i
ident ff11f
ident ff111
ident f1
ident f1
ident i
ident f1
ident f
ident f1
num 1
ident f1
ident i
ident f1
ident ii
ident f1
if
ident f1
ident i1
ident f1
ident f
ident f1
ident fi
ident f1
ident ff
ident f1
ident f1
ident f1
num 1
ident f1
num 1
ident i
ident f1
num 1
ident f
ident f1
num b
ident f1i
ident f1i
ident i
ident f1i
ident f
ident f1i
num 1
ident f1ii
ident f1iii
ident f1iif
ident f1ii1
ident f1if
ident f1ifi
ident f1iff
ident f1if1
ident f1i1
ident f1i1i
ident f1i1f
ident f1i11
ident f1f
ident f1f
ident i
ident f1f
ident f
ident f1f
num 1
ident f1fi
ident f1fii
ident f1fif
ident f1fi1
ident f1ff
ident f1ffi
ident f1fff
ident f1ff1
ident f1f1
ident f1f1i
ident f1f1f
ident f1f11
ident f11
ident f11
ident i
ident f11
ident f
ident f11
num 1
ident f11i
ident f11ii
ident f11if
ident f11i1
ident f11f
ident f11fi
ident f11ff
ident f11f1
ident f111
ident f111i
ident f111f
ident f1111
num 1
num 1
ident i
num 1
ident f
num 1
num 1
num 1
ident i
num 1
ident ii
num 1
if
num 1
ident i1
num 1
ident f
num 1
ident fi
num 1
ident ff
num 1
ident f1
num 1
num 1
num 1
num 1
ident i
num 1
num 1
ident f
num 1
num b
num 1
ident i
num 1
ident i
ident i
num 1
ident i
ident f
num 1
ident i
num 1
num 1
ident ii
num 1
ident iii
num 1
ident iif
num 1
ident ii1
num 1
if
num 1
ident ifi
num 1
ident iff
num 1
ident if1
num 1
ident i1
num 1
ident i1i
num 1
ident i1f
num 1
ident i11
num 1
ident f
num 1
ident f
ident i
num 1
ident f
ident f
num 1
ident f
num 1
num 1
ident fi
num 1
ident fii
num 1
ident fif
num 1
ident fi1
num 1
ident ff
num 1
ident ffi
num 1
ident fff
num 1
ident ff1
num 1
ident f1
num 1
ident f1i
num 1
ident f1f
num 1
ident f11
num 1
num 1
num 1
num 1
ident i
num 1
num 1
ident f
num 1
num 1
num 1
num 1
num 1
ident i
num 1
num 1
ident ii
num 1
num 1
if
num 1
num 1
ident i1
num 1
num 1
ident f
num 1
num 1
ident fi
num 1
num 1
ident ff
num 1
num 1
ident f1
num 1
num b
num 1
num b
ident i
num 1
num b
ident f
num 1
num 6f
num 1
ident i
num 1
ident i
ident i
num 1
ident i
ident f
num 1
ident i
num 1
num 1
ident i
ident i
num 1
ident i
ident ii
num 1
ident i
if
num 1
ident i
ident i1
num 1
ident i
ident f
num 1
ident i
ident fi
num 1
ident i
ident ff
num 1
ident i
ident f1
num 1
ident i
num 1
num 1
ident i
num 1
ident i
num 1
ident i
num 1
ident f
num 1
ident i
num b
num 1
ident ii
num 1
ident ii
ident i
num 1
ident ii
ident f
num 1
ident ii
num 1
num 1
ident iii
num 1
ident iiii
num 1
ident iiif
num 1
ident iii1
num 1
ident iif
num 1
ident iifi
num 1
ident iiff
num 1
ident iif1
num 1
ident ii1
num 1
ident ii1i
num 1
ident ii1f
num 1
ident ii11
num 1
if
num 1
if
ident i
num 1
if
ident f
num 1
if
num 1
num 1
ident ifi
num 1
ident ifii
num 1
ident ifif
num 1
ident ifi1
num 1
ident iff
num 1
ident iffi
num 1
ident ifff
num 1
ident iff1
num 1
ident if1
num 1
ident if1i
num 1
ident if1f
num 1
ident if11
num 1
ident i1
num 1
ident i1
ident i
num 1
ident i1
ident f
num 1
ident i1
num 1
num 1
ident i1i
num 1
ident i1ii
num 1
ident i1if
num 1
ident i1i1
num 1
ident i1f
num 1
ident i1fi
num 1
ident i1ff
num 1
ident i1f1
num 1
ident i11
num 1
ident i11i
num 1
ident i11f
num 1
ident i111
num 1
ident f
num 1
ident f
ident i
num 1
ident f
ident f
num 1
ident f
num 1
num 1
ident f
ident i
num 1
ident f
ident ii
num 1
ident f
if
num 1
ident f
ident i1
num 1
ident f
ident f
num 1
ident f
ident fi
num 1
ident f
ident ff
num 1
ident f
ident f1
num 1
ident f
num 1
num 1
ident f
num 1
ident i
num 1
ident f
num 1
ident f
num 1
ident f
num b
num 1
ident fi
num 1
ident fi
ident i
num 1
ident fi
ident f
num 1
ident fi
num 1
num 1
ident fii
num 1
ident fiii
num 1
ident fiif
num 1
ident fii1
num 1
ident fif
num 1
ident fifi
num 1
ident fiff
num 1
ident fif1
num 1
ident fi1
num 1
ident fi1i
num 1
ident fi1f
num 1
ident fi11
num 1
ident ff
num 1
ident ff
ident i
num 1
ident ff
ident f
num 1
ident ff
num 1
num 1
ident ffi
num 1
ident ffii
num 1
ident ffif
num 1
ident ffi1
num 1
ident fff
num 1
ident fffi
num 1
ident ffff
num 1
ident fff1
num 1
ident ff1
num 1
ident ff1i
num 1
ident ff1f
num 1
ident ff11
num 1
ident f1
num 1
ident f1
ident i
num 1
ident f1
ident f
num 1
ident f1
num 1
num 1
ident f1i
num 1
ident f1ii
num 1
ident f1if
num 1
ident f1i1
num 1
ident f1f
num 1
ident f1fi
num 1
ident f1ff
num 1
ident f1f1
num 1
ident f11
num 1
ident f11i
num 1
ident f11f
num 1
ident f111
num b
num b
ident i
num b
ident f
num b
num 1
num b
ident i
num b
ident ii
num b
if
num b
ident i1
num b
ident f
num b
ident fi
num b
ident ff
num b
ident f1
num b
num 1
num b
num 1
ident i
num b
num 1
ident f
num b
num b
num b
ident i
num b
ident i
ident i
num b
ident i
ident f
num b
ident i
num 1
num b
ident ii
num b
ident iii
num b
ident iif
num b
ident ii1
num b
if
num b
ident ifi
num b
ident iff
num b
ident if1
num b
ident i1
num b
ident i1i
num b
ident i1f
num b
ident i11
num b
ident f
num b
ident f
ident i
num b
ident f
ident f
num b
ident f
num 1
num b
ident fi
num b
ident fii
num b
ident fif
num b
ident fi1
num b
ident ff
num b
ident ffi
num b
ident fff
num b
ident ff1
num b
ident f1
num b
ident f1i
num b
ident f1f
num b
ident f11
num 6f
num 6f
ident i
num 6f
ident f
num 6f
num 1
num 6f
ident i
num 6f
ident ii
num 6f
if
num 6f
ident i1
num 6f
ident f
num 6f
ident fi
num 6f
ident ff
num 6f
ident f1
num 457
num 457
ident i
num 457
ident f
num 2b67
